  [4;36;1mSQL (0.3ms)[0m   [0;1mSET NAMES 'utf8'[0m
  [4;35;1mSQL (0.3ms)[0m   [0mSET SQL_AUTO_IS_NULL=0[0m
  [4;36;1mSQL (0.3ms)[0m   [0;1mSHOW TABLES[0m
  [4;35;1mSQL (0.0ms)[0m   [0mMysql::Error: CREATE command denied to user 'helloworld'@'192.168.1.10' for table 'schema_migrations': CREATE TABLE `schema_migrations` (`version` varchar(255) NOT NULL) ENGINE=InnoDB[0m
  [4;36;1mSQL (0.3ms)[0m   [0;1mSET NAMES 'utf8'[0m
  [4;35;1mSQL (0.3ms)[0m   [0mSET SQL_AUTO_IS_NULL=0[0m
  [4;36;1mSQL (0.3ms)[0m   [0;1mSHOW TABLES[0m
  [4;35;1mSQL (0.0ms)[0m   [0mMysql::Error: CREATE command denied to user 'helloworld'@'192.168.1.10' for table 'schema_migrations': CREATE TABLE `schema_migrations` (`version` varchar(255) NOT NULL) ENGINE=InnoDB[0m
  [4;36;1mSQL (0.3ms)[0m   [0;1mSET NAMES 'utf8'[0m
  [4;35;1mSQL (0.3ms)[0m   [0mSET SQL_AUTO_IS_NULL=0[0m


Processing IndexController#index (for 10.0.2.2 at 2014-06-16 20:48:46) [GET]
Rendering index/index
Completed in 5ms (View: 4, DB: 1) | 200 OK [http://localhost/]
  [4;36;1mSQL (0.3ms)[0m   [0;1mSET NAMES 'utf8'[0m
  [4;35;1mSQL (0.3ms)[0m   [0mSET SQL_AUTO_IS_NULL=0[0m


Processing IndexController#index (for 10.0.2.2 at 2014-06-16 20:48:46) [GET]
Rendering index/index
Completed in 2ms (View: 2, DB: 1) | 200 OK [http://localhost/]
  [4;36;1mSQL (0.3ms)[0m   [0;1mSET NAMES 'utf8'[0m
  [4;35;1mSQL (0.4ms)[0m   [0mSET SQL_AUTO_IS_NULL=0[0m


Processing IndexController#index (for 10.0.2.2 at 2014-06-16 20:48:47) [GET]
Rendering index/index
Completed in 1ms (View: 1, DB: 1) | 200 OK [http://localhost/]
  [4;36;1mSQL (0.3ms)[0m   [0;1mSET NAMES 'utf8'[0m
  [4;35;1mSQL (0.3ms)[0m   [0mSET SQL_AUTO_IS_NULL=0[0m


Processing IndexController#index (for 10.0.2.2 at 2014-06-16 20:48:47) [GET]
Rendering index/index
Completed in 2ms (View: 1, DB: 1) | 200 OK [http://localhost/]
  [4;36;1mSQL (0.3ms)[0m   [0;1mSET NAMES 'utf8'[0m
  [4;35;1mSQL (0.3ms)[0m   [0mSET SQL_AUTO_IS_NULL=0[0m


Processing IndexController#index (for 10.0.2.2 at 2014-06-16 20:48:47) [GET]
Rendering index/index
Completed in 1ms (View: 1, DB: 1) | 200 OK [http://localhost/]
  [4;36;1mSQL (0.3ms)[0m   [0;1mSET NAMES 'utf8'[0m
  [4;35;1mSQL (0.3ms)[0m   [0mSET SQL_AUTO_IS_NULL=0[0m


Processing IndexController#index (for 10.0.2.2 at 2014-06-16 20:48:56) [GET]
Rendering index/index
Completed in 3ms (View: 2, DB: 1) | 200 OK [http://localhost/]
  [4;36;1mSQL (0.3ms)[0m   [0;1mSET NAMES 'utf8'[0m
  [4;35;1mSQL (0.3ms)[0m   [0mSET SQL_AUTO_IS_NULL=0[0m


Processing IndexController#index (for 10.0.2.2 at 2014-06-16 20:49:08) [GET]
Rendering index/index
Completed in 3ms (View: 2, DB: 1) | 200 OK [http://localhost/]
  [4;36;1mSQL (0.3ms)[0m   [0;1mSET NAMES 'utf8'[0m
  [4;35;1mSQL (0.2ms)[0m   [0mSET SQL_AUTO_IS_NULL=0[0m


Processing IndexController#index (for 10.0.2.2 at 2014-06-16 20:49:22) [GET]
Rendering index/index
Completed in 2ms (View: 1, DB: 1) | 200 OK [http://localhost/]
  [4;36;1mSQL (0.4ms)[0m   [0;1mSET NAMES 'utf8'[0m
  [4;35;1mSQL (0.3ms)[0m   [0mSET SQL_AUTO_IS_NULL=0[0m


Processing IndexController#index (for 10.0.2.2 at 2014-06-16 20:49:22) [GET]
Rendering index/index
Completed in 1ms (View: 0, DB: 1) | 200 OK [http://localhost/]
  [4;36;1mSQL (0.3ms)[0m   [0;1mSET NAMES 'utf8'[0m
  [4;35;1mSQL (0.2ms)[0m   [0mSET SQL_AUTO_IS_NULL=0[0m


Processing IndexController#index (for 10.0.2.2 at 2014-06-16 20:49:23) [GET]
Rendering index/index
Completed in 1ms (View: 0, DB: 1) | 200 OK [http://localhost/]
  [4;36;1mSQL (0.4ms)[0m   [0;1mSET NAMES 'utf8'[0m
  [4;35;1mSQL (0.2ms)[0m   [0mSET SQL_AUTO_IS_NULL=0[0m
  [4;36;1mSQL (0.4ms)[0m   [0;1mSHOW TABLES[0m
  [4;35;1mSQL (0.0ms)[0m   [0mMysql::Error: CREATE command denied to user 'helloworld'@'192.168.1.10' for table 'schema_migrations': CREATE TABLE `schema_migrations` (`version` varchar(255) NOT NULL) ENGINE=InnoDB[0m
  [4;36;1mSQL (0.4ms)[0m   [0;1mSET NAMES 'utf8'[0m
  [4;35;1mSQL (0.3ms)[0m   [0mSET SQL_AUTO_IS_NULL=0[0m
  [4;36;1mSQL (0.3ms)[0m   [0;1mSHOW TABLES[0m
  [4;35;1mSQL (0.0ms)[0m   [0mMysql::Error: CREATE command denied to user 'helloworld'@'192.168.1.10' for table 'schema_migrations': CREATE TABLE `schema_migrations` (`version` varchar(255) NOT NULL) ENGINE=InnoDB[0m
  [4;36;1mSQL (0.2ms)[0m   [0;1mSET NAMES 'utf8'[0m
  [4;35;1mSQL (0.3ms)[0m   [0mSET SQL_AUTO_IS_NULL=0[0m
  [4;36;1mSQL (0.4ms)[0m   [0;1mSHOW TABLES[0m
  [4;35;1mSQL (0.0ms)[0m   [0mMysql::Error: CREATE command denied to user 'helloworld'@'192.168.1.10' for table 'schema_migrations': CREATE TABLE `schema_migrations` (`version` varchar(255) NOT NULL) ENGINE=InnoDB[0m
  [4;36;1mSQL (0.3ms)[0m   [0;1mSET NAMES 'utf8'[0m
  [4;35;1mSQL (0.2ms)[0m   [0mSET SQL_AUTO_IS_NULL=0[0m
  [4;36;1mSQL (0.3ms)[0m   [0;1mSHOW TABLES[0m
  [4;35;1mSQL (0.0ms)[0m   [0mMysql::Error: CREATE command denied to user 'helloworld'@'192.168.1.10' for table 'schema_migrations': CREATE TABLE `schema_migrations` (`version` varchar(255) NOT NULL) ENGINE=InnoDB[0m
  [4;36;1mSQL (0.3ms)[0m   [0;1mSET NAMES 'utf8'[0m
  [4;35;1mSQL (0.4ms)[0m   [0mSET SQL_AUTO_IS_NULL=0[0m


Processing IndexController#index (for 10.0.2.2 at 2014-06-16 21:04:38) [GET]
Rendering index/index
Completed in 5ms (View: 4, DB: 1) | 200 OK [http://localhost/]
  [4;36;1mSQL (0.5ms)[0m   [0;1mSET NAMES 'utf8'[0m
  [4;35;1mSQL (0.3ms)[0m   [0mSET SQL_AUTO_IS_NULL=0[0m


Processing IndexController#index (for 10.0.2.2 at 2014-06-17 06:49:04) [GET]
Rendering index/index
Completed in 4ms (View: 3, DB: 1) | 200 OK [http://localhost/]
  [4;36;1mSQL (0.3ms)[0m   [0;1mSET NAMES 'utf8'[0m
  [4;35;1mSQL (0.3ms)[0m   [0mSET SQL_AUTO_IS_NULL=0[0m


Processing IndexController#index (for 10.0.2.2 at 2014-06-17 06:58:52) [GET]
Rendering index/index
Completed in 2ms (View: 0, DB: 1) | 200 OK [http://localhost/]
  [4;36;1mSQL (0.3ms)[0m   [0;1mSET NAMES 'utf8'[0m
  [4;35;1mSQL (0.3ms)[0m   [0mSET SQL_AUTO_IS_NULL=0[0m


Processing IndexController#index (for 10.0.2.2 at 2014-06-17 06:59:06) [GET]
Rendering index/index
Completed in 1ms (View: 0, DB: 1) | 200 OK [http://localhost/]
  [4;36;1mSQL (0.3ms)[0m   [0;1mSET NAMES 'utf8'[0m
  [4;35;1mSQL (0.3ms)[0m   [0mSET SQL_AUTO_IS_NULL=0[0m


Processing IndexController#index (for 10.0.2.2 at 2014-06-17 06:59:50) [GET]
Rendering index/index
Completed in 1ms (View: 0, DB: 1) | 200 OK [http://localhost/]
  [4;36;1mSQL (0.4ms)[0m   [0;1mSET NAMES 'utf8'[0m
  [4;35;1mSQL (0.3ms)[0m   [0mSET SQL_AUTO_IS_NULL=0[0m


Processing IndexController#index (for 10.0.2.2 at 2014-06-17 07:18:48) [GET]
Rendering index/index
Completed in 5ms (View: 4, DB: 1) | 200 OK [http://localhost/]
  [4;36;1mSQL (0.6ms)[0m   [0;1mSET NAMES 'utf8'[0m
  [4;35;1mSQL (0.3ms)[0m   [0mSET SQL_AUTO_IS_NULL=0[0m


Processing IndexController#index (for 10.0.2.2 at 2014-06-17 07:40:56) [GET]
Rendering index/index
Completed in 5ms (View: 4, DB: 1) | 200 OK [http://localhost/]
  [4;36;1mSQL (0.3ms)[0m   [0;1mSET NAMES 'utf8'[0m
  [4;35;1mSQL (0.3ms)[0m   [0mSET SQL_AUTO_IS_NULL=0[0m


Processing IndexController#index (for 10.0.2.2 at 2014-06-17 07:53:31) [GET]
Rendering index/index
Completed in 4ms (View: 3, DB: 1) | 200 OK [http://localhost/]
  [4;36;1mSQL (0.3ms)[0m   [0;1mSET NAMES 'utf8'[0m
  [4;35;1mSQL (0.3ms)[0m   [0mSET SQL_AUTO_IS_NULL=0[0m


Processing IndexController#index (for 10.0.2.2 at 2014-06-17 07:57:23) [GET]
Rendering index/index
Completed in 2ms (View: 1, DB: 1) | 200 OK [http://localhost/]
